"INTENTO FALLIDO DE INICIO DE SESION";USUARIO:raul200794@gmail.com;17/09/2021 12:03:44 AM
"INICIO DE SESION";USUARIO:raul200794@gmail.com;17/09/2021 12:03:51 AM
"INICIO DE SESION";USUARIO:raul200794@gmail.com;17/09/2021 12:04:35 AM
"INTENTO FALLIDO DE INICIO DE SESION";USUARIO:raul200794@gmail.com;17/09/2021 12:08:34 AM
"INICIO DE SESION";USUARIO:raul200794@gmail.com;17/09/2021 12:08:40 AM
"INTENTO DE ACCESO AL SERVLET DESDE URL";acceso restringido;17/09/2021 00:09:43
"INTENTO FALLIDO DE INICIO DE SESION";USUARIO:raul200794@gmail.com;17/09/2021 00:09:52
"INICIO DE SESION";USUARIO:raul200794@gmail.com;17/09/2021 00:09:58
"INTENTO DE ACCESO AL SERVLET DESDE URL";acceso restringido;17/09/2021 00:12:28
"INTENTO DE ACCESO AL SERVLET DESDE URL";acceso restringido;17/09/2021 00:12:38
"INICIO DE SESION";USUARIO:raul200794@gmail.com;17/09/2021 00:12:51
"INTENTO DE ACCESO AL SERVLET DESDE URL";acceso restringido;17/09/2021 00:19:07
"INTENTO DE ACCESO AL SERVLET DESDE URL";acceso restringido;17/09/2021 00:19:18
"NUEVO PRODUCTO SUBIDO POR EL USUARIO";Usuario:456789;Producto:34329;17/09/2021 00:23:36
"INICIO DE SESION";USUARIO:raul200794@gmail.com;17/09/2021 00:58:13
"INTENTO FALLIDO DE INICIO DE SESION";USUARIO:raul200794@gmail.com;17/09/2021 00:59:24
"INTENTO DE ACCESO AL SERVLET DESDE URL";acceso restringido;17/09/2021 00:59:42
"INTENTO DE ACCESO AL SERVLET DESDE URL";acceso restringido;17/09/2021 00:59:53
"INTENTO FALLIDO DE INICIO DE SESION";USUARIO:raul.albin@uma.es;17/09/2021 16:20:23
"INTENTO DE ACCESO AL SERVLET DESDE URL";acceso restringido;17/09/2021 16:20:36
